c:\users\10641780\documents\visual studio 2015\Projects\ShipmentPortalFE\ShipmentPortalFE\dist\out-tsc\src\app\services\app.service.httpService.js
c:\users\10641780\documents\visual studio 2015\Projects\ShipmentPortalFE\ShipmentPortalFE\dist\out-tsc\src\app\services\app.service.httpService.js.map
c:\users\10641780\documents\visual studio 2015\Projects\ShipmentPortalFE\ShipmentPortalFE\dist\out-tsc\src\app\app.component.js
c:\users\10641780\documents\visual studio 2015\Projects\ShipmentPortalFE\ShipmentPortalFE\dist\out-tsc\src\app\app.component.js.map
c:\users\10641780\documents\visual studio 2015\Projects\ShipmentPortalFE\ShipmentPortalFE\dist\out-tsc\src\app\menu-more\menu-more.component.js
c:\users\10641780\documents\visual studio 2015\Projects\ShipmentPortalFE\ShipmentPortalFE\dist\out-tsc\src\app\menu-more\menu-more.component.js.map
c:\users\10641780\documents\visual studio 2015\Projects\ShipmentPortalFE\ShipmentPortalFE\dist\out-tsc\src\app\header\header.component.js
c:\users\10641780\documents\visual studio 2015\Projects\ShipmentPortalFE\ShipmentPortalFE\dist\out-tsc\src\app\header\header.component.js.map
c:\users\10641780\documents\visual studio 2015\Projects\ShipmentPortalFE\ShipmentPortalFE\dist\out-tsc\src\app\ang-datatables\ang-datatables.component.js
c:\users\10641780\documents\visual studio 2015\Projects\ShipmentPortalFE\ShipmentPortalFE\dist\out-tsc\src\app\ang-datatables\ang-datatables.component.js.map
c:\users\10641780\documents\visual studio 2015\Projects\ShipmentPortalFE\ShipmentPortalFE\dist\out-tsc\src\app\about\about.component.js
c:\users\10641780\documents\visual studio 2015\Projects\ShipmentPortalFE\ShipmentPortalFE\dist\out-tsc\src\app\about\about.component.js.map
c:\users\10641780\documents\visual studio 2015\Projects\ShipmentPortalFE\ShipmentPortalFE\dist\out-tsc\src\app\sales\sales.component.js
c:\users\10641780\documents\visual studio 2015\Projects\ShipmentPortalFE\ShipmentPortalFE\dist\out-tsc\src\app\sales\sales.component.js.map
c:\users\10641780\documents\visual studio 2015\Projects\ShipmentPortalFE\ShipmentPortalFE\dist\out-tsc\src\app\new-ship-request\new-ship-request.component.js
c:\users\10641780\documents\visual studio 2015\Projects\ShipmentPortalFE\ShipmentPortalFE\dist\out-tsc\src\app\new-ship-request\new-ship-request.component.js.map
c:\users\10641780\documents\visual studio 2015\Projects\ShipmentPortalFE\ShipmentPortalFE\dist\out-tsc\src\app\services\app.service.searchFilterPipe.js
c:\users\10641780\documents\visual studio 2015\Projects\ShipmentPortalFE\ShipmentPortalFE\dist\out-tsc\src\app\services\app.service.searchFilterPipe.js.map
c:\users\10641780\documents\visual studio 2015\Projects\ShipmentPortalFE\ShipmentPortalFE\dist\out-tsc\src\app\shipment-request\shipment-request.component.js
c:\users\10641780\documents\visual studio 2015\Projects\ShipmentPortalFE\ShipmentPortalFE\dist\out-tsc\src\app\shipment-request\shipment-request.component.js.map
c:\users\10641780\documents\visual studio 2015\Projects\ShipmentPortalFE\ShipmentPortalFE\dist\out-tsc\src\app\headers\headers.component.js
c:\users\10641780\documents\visual studio 2015\Projects\ShipmentPortalFE\ShipmentPortalFE\dist\out-tsc\src\app\headers\headers.component.js.map
c:\users\10641780\documents\visual studio 2015\Projects\ShipmentPortalFE\ShipmentPortalFE\dist\out-tsc\src\app\tabs-protocol-master\tabs-protocol-master.component.js
c:\users\10641780\documents\visual studio 2015\Projects\ShipmentPortalFE\ShipmentPortalFE\dist\out-tsc\src\app\tabs-protocol-master\tabs-protocol-master.component.js.map
c:\users\10641780\documents\visual studio 2015\Projects\ShipmentPortalFE\ShipmentPortalFE\dist\out-tsc\src\app\login\login.component.js
c:\users\10641780\documents\visual studio 2015\Projects\ShipmentPortalFE\ShipmentPortalFE\dist\out-tsc\src\app\login\login.component.js.map
c:\users\10641780\documents\visual studio 2015\Projects\ShipmentPortalFE\ShipmentPortalFE\dist\out-tsc\src\app\ship-request-header\ship-request-header.component.js
c:\users\10641780\documents\visual studio 2015\Projects\ShipmentPortalFE\ShipmentPortalFE\dist\out-tsc\src\app\ship-request-header\ship-request-header.component.js.map
c:\users\10641780\documents\visual studio 2015\Projects\ShipmentPortalFE\ShipmentPortalFE\dist\out-tsc\src\app\select-lot\select-lot.component.js
c:\users\10641780\documents\visual studio 2015\Projects\ShipmentPortalFE\ShipmentPortalFE\dist\out-tsc\src\app\select-lot\select-lot.component.js.map
c:\users\10641780\documents\visual studio 2015\Projects\ShipmentPortalFE\ShipmentPortalFE\dist\out-tsc\src\app\portal-find-site\portal-find-site.component.js
c:\users\10641780\documents\visual studio 2015\Projects\ShipmentPortalFE\ShipmentPortalFE\dist\out-tsc\src\app\portal-find-site\portal-find-site.component.js.map
c:\users\10641780\documents\visual studio 2015\Projects\ShipmentPortalFE\ShipmentPortalFE\dist\out-tsc\src\app\update-site\update-site.component.js
c:\users\10641780\documents\visual studio 2015\Projects\ShipmentPortalFE\ShipmentPortalFE\dist\out-tsc\src\app\update-site\update-site.component.js.map
c:\users\10641780\documents\visual studio 2015\Projects\ShipmentPortalFE\ShipmentPortalFE\dist\out-tsc\src\app\new-site\new-site.component.js
c:\users\10641780\documents\visual studio 2015\Projects\ShipmentPortalFE\ShipmentPortalFE\dist\out-tsc\src\app\new-site\new-site.component.js.map
c:\users\10641780\documents\visual studio 2015\Projects\ShipmentPortalFE\ShipmentPortalFE\dist\out-tsc\src\app\sidenav\sidenav.component.js
c:\users\10641780\documents\visual studio 2015\Projects\ShipmentPortalFE\ShipmentPortalFE\dist\out-tsc\src\app\sidenav\sidenav.component.js.map
c:\users\10641780\documents\visual studio 2015\Projects\ShipmentPortalFE\ShipmentPortalFE\dist\out-tsc\src\app\top-bar\top-bar.component.js
c:\users\10641780\documents\visual studio 2015\Projects\ShipmentPortalFE\ShipmentPortalFE\dist\out-tsc\src\app\top-bar\top-bar.component.js.map
c:\users\10641780\documents\visual studio 2015\Projects\ShipmentPortalFE\ShipmentPortalFE\dist\out-tsc\src\app\app.module.js
c:\users\10641780\documents\visual studio 2015\Projects\ShipmentPortalFE\ShipmentPortalFE\dist\out-tsc\src\app\app.module.js.map
c:\users\10641780\documents\visual studio 2015\Projects\ShipmentPortalFE\ShipmentPortalFE\dist\out-tsc\src\environments\environment.js
c:\users\10641780\documents\visual studio 2015\Projects\ShipmentPortalFE\ShipmentPortalFE\dist\out-tsc\src\environments\environment.js.map
c:\users\10641780\documents\visual studio 2015\Projects\ShipmentPortalFE\ShipmentPortalFE\dist\out-tsc\src\main.js
c:\users\10641780\documents\visual studio 2015\Projects\ShipmentPortalFE\ShipmentPortalFE\dist\out-tsc\src\main.js.map
c:\users\10641780\documents\visual studio 2015\Projects\ShipmentPortalFE\ShipmentPortalFE\dist\out-tsc\src\polyfills.js
c:\users\10641780\documents\visual studio 2015\Projects\ShipmentPortalFE\ShipmentPortalFE\dist\out-tsc\src\polyfills.js.map
c:\users\10641780\documents\visual studio 2015\Projects\ShipmentPortalFE\ShipmentPortalFE\dist\out-tsc\src\test.js
c:\users\10641780\documents\visual studio 2015\Projects\ShipmentPortalFE\ShipmentPortalFE\dist\out-tsc\src\test.js.map
c:\users\10641780\documents\visual studio 2015\Projects\ShipmentPortalFE\ShipmentPortalFE\dist\out-tsc\src\environments\environment.prod.js
c:\users\10641780\documents\visual studio 2015\Projects\ShipmentPortalFE\ShipmentPortalFE\dist\out-tsc\src\environments\environment.prod.js.map
c:\users\10641780\documents\visual studio 2015\Projects\ShipmentPortalFE\ShipmentPortalFE\dist\out-tsc\src\app\app.component.spec.js
c:\users\10641780\documents\visual studio 2015\Projects\ShipmentPortalFE\ShipmentPortalFE\dist\out-tsc\src\app\app.component.spec.js.map
c:\users\10641780\documents\visual studio 2015\Projects\ShipmentPortalFE\ShipmentPortalFE\dist\out-tsc\src\app\update-site\update-site.component.spec.js
c:\users\10641780\documents\visual studio 2015\Projects\ShipmentPortalFE\ShipmentPortalFE\dist\out-tsc\src\app\update-site\update-site.component.spec.js.map
c:\users\10641780\documents\visual studio 2015\Projects\ShipmentPortalFE\ShipmentPortalFE\dist\out-tsc\src\app\top-bar\top-bar.component.spec.js
c:\users\10641780\documents\visual studio 2015\Projects\ShipmentPortalFE\ShipmentPortalFE\dist\out-tsc\src\app\top-bar\top-bar.component.spec.js.map
c:\users\10641780\documents\visual studio 2015\Projects\ShipmentPortalFE\ShipmentPortalFE\dist\out-tsc\src\app\tabs-protocol-master\tabs-protocol-master.component.spec.js
c:\users\10641780\documents\visual studio 2015\Projects\ShipmentPortalFE\ShipmentPortalFE\dist\out-tsc\src\app\tabs-protocol-master\tabs-protocol-master.component.spec.js.map
c:\users\10641780\documents\visual studio 2015\Projects\ShipmentPortalFE\ShipmentPortalFE\dist\out-tsc\src\app\sidenav\sidenav.component.spec.js
c:\users\10641780\documents\visual studio 2015\Projects\ShipmentPortalFE\ShipmentPortalFE\dist\out-tsc\src\app\sidenav\sidenav.component.spec.js.map
c:\users\10641780\documents\visual studio 2015\Projects\ShipmentPortalFE\ShipmentPortalFE\dist\out-tsc\src\app\shipment-request\shipment-request.component.spec.js
c:\users\10641780\documents\visual studio 2015\Projects\ShipmentPortalFE\ShipmentPortalFE\dist\out-tsc\src\app\shipment-request\shipment-request.component.spec.js.map
c:\users\10641780\documents\visual studio 2015\Projects\ShipmentPortalFE\ShipmentPortalFE\dist\out-tsc\src\app\ship-request-header\ship-request-header.component.spec.js
c:\users\10641780\documents\visual studio 2015\Projects\ShipmentPortalFE\ShipmentPortalFE\dist\out-tsc\src\app\ship-request-header\ship-request-header.component.spec.js.map
c:\users\10641780\documents\visual studio 2015\Projects\ShipmentPortalFE\ShipmentPortalFE\dist\out-tsc\src\app\select-lot\select-lot.component.spec.js
c:\users\10641780\documents\visual studio 2015\Projects\ShipmentPortalFE\ShipmentPortalFE\dist\out-tsc\src\app\select-lot\select-lot.component.spec.js.map
c:\users\10641780\documents\visual studio 2015\Projects\ShipmentPortalFE\ShipmentPortalFE\dist\out-tsc\src\app\sales\sales.component.spec.js
c:\users\10641780\documents\visual studio 2015\Projects\ShipmentPortalFE\ShipmentPortalFE\dist\out-tsc\src\app\sales\sales.component.spec.js.map
c:\users\10641780\documents\visual studio 2015\Projects\ShipmentPortalFE\ShipmentPortalFE\dist\out-tsc\src\app\portal-find-site\portal-find-site.component.spec.js
c:\users\10641780\documents\visual studio 2015\Projects\ShipmentPortalFE\ShipmentPortalFE\dist\out-tsc\src\app\portal-find-site\portal-find-site.component.spec.js.map
c:\users\10641780\documents\visual studio 2015\Projects\ShipmentPortalFE\ShipmentPortalFE\dist\out-tsc\src\app\new-site\new-site.component.spec.js
c:\users\10641780\documents\visual studio 2015\Projects\ShipmentPortalFE\ShipmentPortalFE\dist\out-tsc\src\app\new-site\new-site.component.spec.js.map
c:\users\10641780\documents\visual studio 2015\Projects\ShipmentPortalFE\ShipmentPortalFE\dist\out-tsc\src\app\new-ship-request\new-ship-request.component.spec.js
c:\users\10641780\documents\visual studio 2015\Projects\ShipmentPortalFE\ShipmentPortalFE\dist\out-tsc\src\app\new-ship-request\new-ship-request.component.spec.js.map
c:\users\10641780\documents\visual studio 2015\Projects\ShipmentPortalFE\ShipmentPortalFE\dist\out-tsc\src\app\menu-more\menu-more.component.spec.js
c:\users\10641780\documents\visual studio 2015\Projects\ShipmentPortalFE\ShipmentPortalFE\dist\out-tsc\src\app\menu-more\menu-more.component.spec.js.map
c:\users\10641780\documents\visual studio 2015\Projects\ShipmentPortalFE\ShipmentPortalFE\dist\out-tsc\src\app\login\login.component.spec.js
c:\users\10641780\documents\visual studio 2015\Projects\ShipmentPortalFE\ShipmentPortalFE\dist\out-tsc\src\app\login\login.component.spec.js.map
c:\users\10641780\documents\visual studio 2015\Projects\ShipmentPortalFE\ShipmentPortalFE\dist\out-tsc\src\app\headers\headers.component.spec.js
c:\users\10641780\documents\visual studio 2015\Projects\ShipmentPortalFE\ShipmentPortalFE\dist\out-tsc\src\app\headers\headers.component.spec.js.map
c:\users\10641780\documents\visual studio 2015\Projects\ShipmentPortalFE\ShipmentPortalFE\dist\out-tsc\src\app\header\header.component.spec.js
c:\users\10641780\documents\visual studio 2015\Projects\ShipmentPortalFE\ShipmentPortalFE\dist\out-tsc\src\app\header\header.component.spec.js.map
c:\users\10641780\documents\visual studio 2015\Projects\ShipmentPortalFE\ShipmentPortalFE\dist\out-tsc\src\app\ang-datatables\ang-datatables.component.spec.js
c:\users\10641780\documents\visual studio 2015\Projects\ShipmentPortalFE\ShipmentPortalFE\dist\out-tsc\src\app\ang-datatables\ang-datatables.component.spec.js.map
c:\users\10641780\documents\visual studio 2015\Projects\ShipmentPortalFE\ShipmentPortalFE\dist\out-tsc\src\app\about\about.component.spec.js
c:\users\10641780\documents\visual studio 2015\Projects\ShipmentPortalFE\ShipmentPortalFE\dist\out-tsc\src\app\about\about.component.spec.js.map
c:\users\10641780\documents\visual studio 2015\Projects\ShipmentPortalFE\ShipmentPortalFE\dist\out-tsc\e2e\app.po.js
c:\users\10641780\documents\visual studio 2015\Projects\ShipmentPortalFE\ShipmentPortalFE\dist\out-tsc\e2e\app.po.js.map
c:\users\10641780\documents\visual studio 2015\Projects\ShipmentPortalFE\ShipmentPortalFE\dist\out-tsc\e2e\app.e2e-spec.js
c:\users\10641780\documents\visual studio 2015\Projects\ShipmentPortalFE\ShipmentPortalFE\dist\out-tsc\e2e\app.e2e-spec.js.map
